Построение начато 07.06.2017 19:37:11.
     1>Проект "C:\Users\Админ\Documents\Visual Studio 2012\Projects\Lab2_OOP(1)\Lab2_OOP\Lab2_OOP.vcxproj" в узле 2 (целевые объекты Build).
     1>ClCompile:
         C:\Program Files (x86)\Microsoft Visual Studio 11.0\VC\bin\CL.exe /c /ZI /nologo /W3 /WX- /sdl /Od /Oy- /D WIN32 /D _DEBUG /D _CONSOLE /D _UNICODE /D UNICODE /Gm /EHsc /RTC1 /MDd /GS /fp:precise /Zc:wchar_t /Zc:forScope /Yc"stdafx.h" /Fp"Debug\Lab2_OOP.pch" /Fo"Debug\\" /Fd"Debug\vc110.pdb" /Gd /TP /analyze- /errorReport:prompt stdafx.cpp
         stdafx.cpp
         C:\Program Files (x86)\Microsoft Visual Studio 11.0\VC\bin\CL.exe /c /ZI /nologo /W3 /WX- /sdl /Od /Oy- /D WIN32 /D _DEBUG /D _CONSOLE /D _UNICODE /D UNICODE /Gm /EHsc /RTC1 /MDd /GS /fp:precise /Zc:wchar_t /Zc:forScope /Yu"stdafx.h" /Fp"Debug\Lab2_OOP.pch" /Fo"Debug\\" /Fd"Debug\vc110.pdb" /Gd /TP /analyze- /errorReport:prompt Lab2_OOP.cpp
         Lab2_OOP.cpp
     1>c:\users\админ\documents\visual studio 2012\projects\lab2_oop(1)\lab2_oop\lab2_oop.cpp(19): warning C4018: <: несоответствие типов со знаком и без знака
     1>c:\users\админ\documents\visual studio 2012\projects\lab2_oop(1)\lab2_oop\lab2_oop.cpp(35): warning C4018: <: несоответствие типов со знаком и без знака
     1>c:\users\админ\documents\visual studio 2012\projects\lab2_oop(1)\lab2_oop\lab2_oop.cpp(38): warning C4018: <: несоответствие типов со знаком и без знака
     1>c:\users\админ\documents\visual studio 2012\projects\lab2_oop(1)\lab2_oop\lab2_oop.cpp(60): warning C4018: <: несоответствие типов со знаком и без знака
     1>c:\users\админ\documents\visual studio 2012\projects\lab2_oop(1)\lab2_oop\linkeddeque.h(129): warning C4715: LinkedDeque::peekBack: значение возвращается не при всех путях выполнения
     1>c:\users\админ\documents\visual studio 2012\projects\lab2_oop(1)\lab2_oop\linkeddeque.h(124): warning C4715: LinkedDeque::peekFront: значение возвращается не при всех путях выполнения
       Link:
         C:\Program Files (x86)\Microsoft Visual Studio 11.0\VC\bin\link.exe /ERRORREPORT:PROMPT /OUT:"C:\Users\Админ\Documents\Visual Studio 2012\Projects\Lab2_OOP(1)\Debug\Lab2_OOP.exe" /INCREMENTAL /NOLOGO kernel32.lib user32.lib gdi32.lib winspool.lib comdlg32.lib advapi32.lib shell32.lib ole32.lib oleaut32.lib uuid.lib odbc32.lib odbccp32.lib /MANIFEST /MANIFESTUAC:"level='asInvoker' uiAccess='false'" /manifest:embed /DEBUG /PDB:"C:\Users\Админ\Documents\Visual Studio 2012\Projects\Lab2_OOP(1)\Debug\Lab2_OOP.pdb" /SUBSYSTEM:CONSOLE /TLBID:1 /DYNAMICBASE /NXCOMPAT /IMPLIB:"C:\Users\Админ\Documents\Visual Studio 2012\Projects\Lab2_OOP(1)\Debug\Lab2_OOP.lib" /MACHINE:X86 Debug\Lab2_OOP.obj
         Debug\stdafx.obj
         Lab2_OOP.vcxproj -> C:\Users\Админ\Documents\Visual Studio 2012\Projects\Lab2_OOP(1)\Debug\Lab2_OOP.exe
     1>Построение проекта "C:\Users\Админ\Documents\Visual Studio 2012\Projects\Lab2_OOP(1)\Lab2_OOP\Lab2_OOP.vcxproj" завершено (целевые объекты Build).

Построение успешно завершено.

Затраченное время: 00:00:10.53
